\BOOKMARK [0][-]{part.1}{\376\377\000I\000\040\000L\000e\000c\000t\000u\000r\000e\000\040\0001\000:\000\040\305\104\273\064\254\203\263\304\000\040\272\260\267\174\263\304\000\040\307\164\325\164\264\030\262\224\000\040\302\340\254\275\271\335\000\040\256\060\315\010}{}% 1
\BOOKMARK [1][-]{section.1}{\376\377\302\340\254\275\271\335\307\104\000\040\305\104\310\374\000\040\311\301\255\000\310\001\307\074\270\134\000\040\307\164\325\164\325\130\256\060}{part.1}% 2
\BOOKMARK [1][-]{section.2}{\376\377\262\164\267\360\000,\000\040\316\065\000,\000\040\326\134\301\061\326\124\000\040\325\150\302\030}{part.1}% 3
\BOOKMARK [2][-]{subsection.2.1}{\376\377\264\120\000\040\307\205\270\045\000,\000\040\307\100\262\311\000\040\0002\000,\000\040\315\234\270\045\000\040\0001\307\170\000\040\0002\000-\0002\000-\0001\000\040\273\370\262\310\000\040\261\044\322\270\306\314\320\154}{section.2}% 4
\BOOKMARK [2][-]{subsection.2.2}{\376\377\326\134\301\061\326\124\000\040\325\150\302\030\000\050\306\134\000\040\276\104\301\040\326\025\307\164\000\040\325\104\306\224\000?\000\051}{section.2}% 5
\BOOKMARK [1][-]{section.3}{\376\377\301\220\302\344\000\050\000L\000O\000S\000S\000\051\254\374\000\040\276\104\306\251\000\050\000C\000O\000S\000T\000\051\000\040\310\025\326\125\327\210\000\040\255\154\275\204\325\130\256\060}{part.1}% 6
\BOOKMARK [2][-]{subsection.3.1}{\376\377\301\220\302\344\000\040\325\150\302\030\000\040\000L\000\050\000i\000\051\000\040\000\050\325\134\000\040\300\330\325\014\307\130\000\040\322\300\271\274\000\040\310\025\263\304\000\051}{section.3}% 7
\BOOKMARK [2][-]{subsection.3.2}{\376\377\276\104\306\251\000\040\325\150\302\030\000\040\000J\000\050\000w\000\051\000\040\000\050\263\160\307\164\321\060\000\040\310\004\314\264\000\040\323\311\255\340\000\040\306\044\314\050\000\051}{section.3}% 8
\BOOKMARK [1][-]{section.4}{\376\377\302\034\310\004\323\014\000\050\000F\000o\000r\000w\000a\000r\000d\000\051\000\040\000\046\000\040\305\355\310\004\323\014\000\050\000B\000a\000c\000k\000p\000r\000o\000p\000\051\000\040\040\024\000\040\301\220\254\304\300\260\307\074\270\134\000\040\254\020\000\040\307\241\256\060}{part.1}% 9
\BOOKMARK [2][-]{subsection.4.1}{\376\377\301\044\310\025\000\050\326\214\255\300\000\051}{section.4}% 10
\BOOKMARK [1][-]{section.5}{\376\377\254\275\300\254\000\040\325\130\254\025\274\225\000\050\315\134\310\001\326\124\000\051\000\040\040\024\000\040\301\070\000\040\254\000\311\300\000\040\272\250\264\334}{part.1}% 11
\BOOKMARK [1][-]{section.6}{\376\377\302\344\310\004\000\040\314\264\320\154\271\254\302\244\322\270\000\050\306\125\315\010\274\364\306\251\000\051}{part.1}% 12
\BOOKMARK [1][-]{section.7}{\376\377\000\050\301\040\320\335\000\051\000\040\275\204\271\130\000\040\315\234\270\045\316\065\000\040\325\134\262\010\000\040\306\224\305\175}{part.1}% 13
\BOOKMARK [1][-]{section.8}{\376\377\307\220\310\374\000\040\325\367\254\010\271\254\262\224\000\040\254\203\264\344\000\050\000F\000A\000Q\000\051}{part.1}% 14
\BOOKMARK [0][-]{part.2}{\376\377\000I\000I\000\040\000L\000e\000c\000t\000u\000r\000e\000\040\0002\000:\000\040\000R\000N\000N\000,\000\040\000L\000S\000T\000M\000,\000\040\000G\000R\000U\000,\000\040\000B\000i\000d\000i\000r\000e\000c\000t\000i\000o\000n\000a\000l\000\040\000R\000N\000N\000\040\040\024\000\040\306\125\315\010\274\364\263\304\000\040\307\164\325\164\264\030\262\224\000\040\302\334\320\000\302\244\000\040\265\045\267\354\262\335}{}% 15
\BOOKMARK [1][-]{section.9}{\376\377\000R\000N\000N\000\050\302\034\326\130\000\040\302\340\254\275\271\335\000\051\000\040\256\060\274\370}{part.2}% 16
\BOOKMARK [2][-]{subsection.9.1}{\376\377\325\134\000\040\311\004\000\040\306\224\305\175}{section.9}% 17
\BOOKMARK [2][-]{subsection.9.2}{\376\377\301\220\254\304\300\260\000\040\273\370\262\310\000\040\306\010\302\334\000\050\311\347\307\100\000\040\302\334\320\000\302\244\000\051}{section.9}% 18
\BOOKMARK [1][-]{section.10}{\376\377\000B\000P\000T\000T\306\100\000\040\256\060\306\270\256\060\000\040\301\214\302\344\000/\323\355\274\034}{part.2}% 19
\BOOKMARK [2][-]{subsection.10.1}{\376\377\000B\000P\000T\000T\000\050\000B\000a\000c\000k\000p\000r\000o\000p\000a\000g\000a\000t\000i\000o\000n\000\040\000T\000h\000r\000o\000u\000g\000h\000\040\000T\000i\000m\000e\000\051}{section.10}% 20
\BOOKMARK [2][-]{subsection.10.2}{\376\377\306\134\000\040\301\214\302\344\000/\323\355\274\034\307\164\000\040\300\335\256\060\260\230\000?}{section.10}% 21
\BOOKMARK [2][-]{subsection.10.3}{\376\377\263\000\307\121\000\040\310\004\267\265\000\050\274\024\262\320\267\174\000\040\000R\000N\000N\305\320\301\034\000\040\325\140\000\040\302\030\000\040\307\210\262\224\000\040\254\203\000\051}{section.10}% 22
\BOOKMARK [1][-]{section.11}{\376\377\000L\000S\000T\000M\000:\000\040\254\214\307\164\322\270\270\134\000\040\256\060\305\265\307\104\000\040\255\000\271\254}{part.2}% 23
\BOOKMARK [2][-]{subsection.11.1}{\376\377\325\165\302\354\000\040\305\104\307\164\265\024\305\264}{section.11}% 24
\BOOKMARK [2][-]{subsection.11.2}{\376\377\302\053\307\220\000\040\306\010\302\334\000\050\305\104\310\374\000\040\262\350\302\034\326\124\000\051}{section.11}% 25
\BOOKMARK [1][-]{section.12}{\376\377\000G\000R\000U\000:\000\040\000L\000S\000T\000M\307\104\000\040\263\124\000\040\262\350\302\034\325\130\254\214}{part.2}% 26
\BOOKMARK [2][-]{subsection.12.1}{\376\377\255\154\310\160}{section.12}% 27
\BOOKMARK [1][-]{section.13}{\376\377\307\205\315\234\270\045\000\040\302\334\320\000\302\244\000\040\323\050\321\064\000\050\273\070\310\034\274\304\000\040\274\060\301\040\000\051}{part.2}% 28
\BOOKMARK [0][-]{part.3}{\376\377\000I\000I\000I\000\040\000L\000e\000c\000t\000u\000r\000e\000\040\0003\000:\000\040\305\104\273\064\254\203\263\304\000\040\272\260\267\174\263\304\000\040\307\164\325\164\264\030\262\224\000\040\000N\000L\000P\000\040\256\060\315\010\306\100\000\040\321\240\320\160\326\124}{}% 29
\BOOKMARK [1][-]{section.14}{\376\377\000N\000L\000P\267\200\000\040\273\064\305\307\307\170\254\000\000?\000\040\000\050\000W\000h\000a\000t\000\040\000i\000s\000\040\000N\000L\000P\000?\000\051}{part.3}% 30
\BOOKMARK [1][-]{section.15}{\376\377\306\134\000\040\000N\000L\000P\254\000\000\040\305\264\270\044\306\264\254\000\000?\000\040\000\050\305\270\305\264\307\130\000\040\272\250\326\070\301\061\000\051}{part.3}% 31
\BOOKMARK [1][-]{section.16}{\376\377\000N\000L\000P\307\130\000\040\263\000\324\134\310\001\000\040\307\121\306\251\000\040\275\204\305\174\000\050\254\034\261\120\000\040\311\300\263\304\000\051}{part.3}% 32
\BOOKMARK [1][-]{section.17}{\376\377\256\060\315\010\000\040\310\004\314\230\271\254\000\040\0001\000:\000\040\000T\000o\000k\000e\000n\000i\000z\000a\000t\000i\000o\000n\000\050\321\240\320\160\326\124\000\051}{part.3}% 33
\BOOKMARK [2][-]{subsection.17.1}{\376\377\310\025\307\130}{section.17}% 34
\BOOKMARK [2][-]{subsection.17.2}{\376\377\306\134\000\040\311\021\306\224\325\134\254\000\000?}{section.17}% 35
\BOOKMARK [2][-]{subsection.17.3}{\376\377\263\000\324\134\000\040\321\240\320\160\326\124\000\040\274\051\302\335\254\374\000\040\306\010\302\334}{section.17}% 36
\BOOKMARK [2][-]{subsection.17.4}{\376\377\302\344\310\004\305\320\301\034\000\040\307\220\310\374\000\040\275\200\265\052\327\210\262\224\000\040\317\000\307\164\302\244}{section.17}% 37
\BOOKMARK [2][-]{subsection.17.5}{\376\377\000N\000L\000T\000K\270\134\000\040\262\350\305\264\000/\273\070\307\245\000\040\321\240\320\160\326\124\000\050\305\104\307\164\265\024\305\264\000\051}{section.17}% 38
\BOOKMARK [2][-]{subsection.17.6}{\376\377\301\034\276\014\306\314\264\334\000\040\321\240\320\160\326\124\254\000\000\040\325\104\306\224\325\134\000\040\302\034\254\004}{section.17}% 39
\BOOKMARK [2][-]{subsection.17.7}{\376\377\321\240\320\160\326\124\000\040\324\210\311\310\307\104\000\040\306\054\271\254\262\224\000\040\0005\254\000\311\300\000\040\314\264\320\154\271\254\302\244\322\270}{section.17}% 40
